
(2018/05/08 09:10:26) Logged In
(2018/05/08 09:10:26) In 3D
(2018/05/08 09:11:00) Logged Out
(2018/05/08 09:11:01) AFK:0
(2018/05/08 09:11:01) Out 3D

(2018/05/08 09:12:57) Logged In
(2018/05/08 09:12:57) In 3D
(2018/05/08 09:15:19) Logged Out
(2018/05/08 09:15:19) AFK:0
(2018/05/08 09:15:19) Out 3D

(2018/05/08 09:17:57) Logged In
(2018/05/08 09:17:57) In 3D
(2018/05/08 09:19:29) Logged Out
(2018/05/08 09:19:29) AFK:0
(2018/05/08 09:19:29) Out 3D

(2018/05/08 09:24:00) Logged In
(2018/05/08 09:24:00) In 3D
(2018/05/08 09:25:03) Logged Out
(2018/05/08 09:25:03) AFK:0
(2018/05/08 09:25:03) Out 3D

(2018/05/08 09:41:15) Logged In
(2018/05/08 09:41:15) In 3D
(2018/05/08 09:42:09) Logged Out
(2018/05/08 09:42:09) AFK:0
(2018/05/08 09:42:09) Out 3D

(2018/05/08 09:45:15) Logged In
(2018/05/08 09:45:15) In 3D
(2018/05/08 09:46:21) Logged Out
(2018/05/08 09:46:21) AFK:0
(2018/05/08 09:46:21) Out 3D

(2018/05/08 09:55:30) Logged In
(2018/05/08 09:55:30) In 3D
(2018/05/08 09:56:00) Logged Out
(2018/05/08 09:56:00) AFK:0
(2018/05/08 09:56:00) Out 3D

(2018/05/08 09:56:57) Logged In
(2018/05/08 09:56:57) In 3D
(2018/05/08 09:57:31) Logged Out
(2018/05/08 09:57:31) AFK:0
(2018/05/08 09:57:31) Out 3D

(2018/05/08 10:00:02) Logged In
(2018/05/08 10:00:02) In 3D
(2018/05/08 10:00:40) Logged Out
(2018/05/08 10:00:40) AFK:0
(2018/05/08 10:00:40) Out 3D

(2018/05/08 10:02:11) Logged In
(2018/05/08 10:02:11) In 3D
(2018/05/08 10:02:32) Logged Out
(2018/05/08 10:02:32) AFK:0
(2018/05/08 10:02:32) Out 3D

(2018/05/08 10:04:45) Logged In
(2018/05/08 10:04:45) In 3D
(2018/05/08 10:05:33) Logged Out
(2018/05/08 10:05:33) AFK:0
(2018/05/08 10:05:33) Out 3D

(2018/05/08 10:06:58) Logged In
(2018/05/08 10:06:58) In 3D
(2018/05/08 10:07:30) Logged Out
(2018/05/08 10:07:30) AFK:0
(2018/05/08 10:07:30) Out 3D

(2018/05/08 10:17:03) Logged In
(2018/05/08 10:17:04) In 3D
(2018/05/08 10:17:52) Logged Out
(2018/05/08 10:17:53) AFK:0
(2018/05/08 10:17:53) Out 3D

(2018/05/08 10:25:55) Logged In
(2018/05/08 10:25:55) In 3D
(2018/05/08 10:26:42) Logged Out
(2018/05/08 10:26:42) AFK:0
(2018/05/08 10:26:42) Out 3D

(2018/05/08 10:34:29) Logged In
(2018/05/08 10:34:29) In 3D
(2018/05/08 10:35:59) Logged Out
(2018/05/08 10:35:59) AFK:0
(2018/05/08 10:35:59) Out 3D

(2018/05/08 10:38:26) Logged In
(2018/05/08 10:38:26) In 3D
(2018/05/08 10:39:26) Logged Out
(2018/05/08 10:39:26) AFK:0
(2018/05/08 10:39:26) Out 3D

(2018/05/08 10:41:16) Logged In
(2018/05/08 10:41:16) In 3D
(2018/05/08 10:42:00) Logged Out
(2018/05/08 10:42:00) AFK:0
(2018/05/08 10:42:00) Out 3D

(2018/05/08 10:44:16) Logged In
(2018/05/08 10:44:16) In 3D
(2018/05/08 10:45:09) Logged Out
(2018/05/08 10:45:09) AFK:0
(2018/05/08 10:45:09) Out 3D
