
(2018/05/08 09:13:12) Logged In
(2018/05/08 09:13:12) In 3D
(2018/05/08 09:15:20) Logged Out
(2018/05/08 09:15:20) AFK:0
(2018/05/08 09:15:20) Out 3D

(2018/05/08 09:18:12) Logged In
(2018/05/08 09:18:13) In 3D
(2018/05/08 09:19:29) Logged Out
(2018/05/08 09:19:29) AFK:0
(2018/05/08 09:19:29) Out 3D

(2018/05/08 09:24:15) Logged In
(2018/05/08 09:24:15) In 3D
(2018/05/08 09:25:03) Logged Out
(2018/05/08 09:25:03) AFK:0
(2018/05/08 09:25:03) Out 3D

(2018/05/08 09:41:27) Logged In
(2018/05/08 09:41:28) In 3D
(2018/05/08 09:42:17) Logged Out
(2018/05/08 09:42:17) AFK:0
(2018/05/08 09:42:17) Out 3D

(2018/05/08 09:45:35) Logged In
(2018/05/08 09:45:35) In 3D
(2018/05/08 09:46:21) Logged Out
(2018/05/08 09:46:21) AFK:0
(2018/05/08 09:46:21) Out 3D

(2018/05/08 09:57:08) Logged In
(2018/05/08 09:57:08) In 3D
(2018/05/08 09:57:32) Logged Out
(2018/05/08 09:57:32) AFK:0
(2018/05/08 09:57:32) Out 3D

(2018/05/08 10:05:05) Logged In
(2018/05/08 10:05:05) In 3D
(2018/05/08 10:05:33) Logged Out
(2018/05/08 10:05:33) AFK:0
(2018/05/08 10:05:33) Out 3D

(2018/05/08 10:17:14) Logged In
(2018/05/08 10:17:14) In 3D
(2018/05/08 10:17:53) Logged Out
(2018/05/08 10:17:53) AFK:0
(2018/05/08 10:17:53) Out 3D

(2018/05/08 10:26:10) Logged In
(2018/05/08 10:26:10) In 3D
(2018/05/08 10:26:43) Logged Out
(2018/05/08 10:26:43) AFK:0
(2018/05/08 10:26:43) Out 3D

(2018/05/08 10:34:40) Logged In
(2018/05/08 10:34:40) In 3D
(2018/05/08 10:35:50) Logged Out
(2018/05/08 10:35:50) AFK:0
(2018/05/08 10:35:50) Out 3D

(2018/05/08 10:38:37) Logged In
(2018/05/08 10:38:37) In 3D
(2018/05/08 10:39:27) Logged Out
(2018/05/08 10:39:27) AFK:0
(2018/05/08 10:39:27) Out 3D

(2018/05/08 10:41:23) Logged In
(2018/05/08 10:41:24) In 3D
(2018/05/08 10:42:08) Logged Out
(2018/05/08 10:42:08) AFK:0
(2018/05/08 10:42:08) Out 3D

(2018/05/08 10:44:44) Logged In
(2018/05/08 10:44:44) In 3D
(2018/05/08 10:45:10) Logged Out
(2018/05/08 10:45:10) AFK:0
(2018/05/08 10:45:10) Out 3D

(2018/05/08 11:04:28) Logged In
(2018/05/08 11:04:28) In 3D
(2018/05/08 11:05:46) Logged Out
(2018/05/08 11:05:46) AFK:0
(2018/05/08 11:05:46) Out 3D
